<?xml version="1.0" encoding="UTF-8"?>
<testng-results total="1" passed="1" failed="0" skipped="0">
  <reporter-output>
  </reporter-output>
  <suite started-at="2021-03-10T12:08:25Z" name="Default suite" finished-at="2021-03-10T12:08:26Z" duration-ms="533">
    <groups>
    </groups>
    <test started-at="2021-03-10T12:08:25Z" name="Default test" finished-at="2021-03-10T12:08:26Z" duration-ms="533">
      <class name="practies_GetAPI.practies_getAPI">
        <test-method is-config="true" signature="setUp()[pri:0, instance:practies_GetAPI.practies_getAPI@329dbdbf]" started-at="2021-03-10T17:38:25Z" name="setUp" finished-at="2021-03-10T17:38:25Z" duration-ms="7" status="PASS">
          <reporter-output>
          </reporter-output>
        </test-method> <!-- setUp -->
        <test-method signature="getAPITestwithoutHeader()[pri:0, instance:practies_GetAPI.practies_getAPI@329dbdbf]" started-at="2021-03-10T17:38:25Z" name="getAPITestwithoutHeader" finished-at="2021-03-10T17:38:26Z" duration-ms="505" status="PASS">
          <reporter-output>
          </reporter-output>
        </test-method> <!-- getAPITestwithoutHeader -->
      </class> <!-- practies_GetAPI.practies_getAPI -->
    </test> <!-- Default test -->
  </suite> <!-- Default suite -->
</testng-results>
